INFO:root:*******************    OUI 
INFO:root:40128
INFO:root:40144
INFO:root:40160
INFO:root:40176
INFO:root:40192
INFO:root:40224
INFO:root:40240
INFO:root:40256
INFO:root:40272
INFO:root:40288
INFO:root:40304
INFO:root:40320
INFO:root:40336
INFO:root:40352
INFO:root:40368
INFO:root:40384
INFO:root:40416
INFO:root:40432
INFO:root:40448
INFO:root:40464
INFO:root:40480
INFO:root:40496
INFO:root:40512
INFO:root:40528
INFO:root:40544
INFO:root:40560
INFO:root:40576
INFO:root:40624
INFO:root:40640
INFO:root:40656
INFO:root:40672
INFO:root:40704
INFO:root:40720
INFO:root:40736
INFO:root:40752
INFO:root:40768
INFO:root:40784
INFO:root:40800
INFO:root:40816
INFO:root:40832
INFO:root:40848
INFO:root:40864
INFO:root:40880
INFO:root:40896
INFO:root:40912
INFO:root:40928
INFO:root:40960
INFO:root:40976
INFO:root:40992
INFO:root:41008
INFO:root:41024
INFO:root:41040
INFO:root:41056
INFO:root:41072
INFO:root:41088
INFO:root:41104
INFO:root:41120
INFO:root:41136
INFO:root:41152
INFO:root:41168
INFO:root:41184
INFO:root:41200
INFO:root:41216
INFO:root:41232
INFO:root:41248
INFO:root:41264
INFO:root:41280
INFO:root:41296
INFO:root:41312
INFO:root:41328
INFO:root:41344
INFO:root:41360
INFO:root:41376
INFO:root:41392
INFO:root:41408
INFO:root:41424
INFO:root:41488
INFO:root:41504
INFO:root:41536
INFO:root:41552
INFO:root:41568
INFO:root:41584
INFO:root:41600
INFO:root:41616
INFO:root:41632
INFO:root:41648
INFO:root:41664
INFO:root:41680
INFO:root:41696
INFO:root:41712
INFO:root:41728
INFO:root:41744
INFO:root:41760
INFO:root:41776
INFO:root:41792
INFO:root:41808
INFO:root:41840
INFO:root:41872
INFO:root:*******************    OUI 
INFO:root:35280
INFO:root:35296
INFO:root:35312
INFO:root:35328
INFO:root:35344
INFO:root:35360
INFO:root:35392
INFO:root:35408
INFO:root:35440
INFO:root:35456
INFO:root:35472
INFO:root:35488
INFO:root:35520
INFO:root:35536
INFO:root:35552
INFO:root:35568
INFO:root:35584
INFO:root:35600
INFO:root:35632
INFO:root:35648
INFO:root:35664
INFO:root:35680
INFO:root:35696
INFO:root:35712
INFO:root:35728
INFO:root:RSSI for lyre -69
INFO:root:++++++++++++++++++++++ 25 Sequenecec Numbers Collected
INFO:root:++++++++++++++++++++++ Analyzing +++++++++++++++++++++
INFO:root:++++++++++++++++++++++ Sequence True
INFO:root:******************** OUI 
INFO:root:35744
INFO:root:35760
INFO:root:35792
INFO:root:35808
INFO:root:35824
INFO:root:35840
INFO:root:35856
INFO:root:35872
INFO:root:35920
INFO:root:35936
INFO:root:35952
INFO:root:35968
INFO:root:36016
INFO:root:36032
INFO:root:36048
INFO:root:36064
INFO:root:36080
INFO:root:36128
INFO:root:36144
INFO:root:36160
INFO:root:36176
INFO:root:36192
INFO:root:36208
INFO:root:36224
INFO:root:36240
INFO:root:RSSI for lyre -70
INFO:root:++++++++++++++++++++++ 25 Sequenecec Numbers Collected
INFO:root:++++++++++++++++++++++ Analyzing +++++++++++++++++++++
INFO:root:++++++++++++++++++++++ Sequence True
INFO:root:******************** OUI 
INFO:root:36256
INFO:root:36272
INFO:root:36288
INFO:root:36304
INFO:root:36320
INFO:root:36336
INFO:root:36352
INFO:root:36368
INFO:root:36384
INFO:root:36400
INFO:root:36448
INFO:root:36464
INFO:root:36480
INFO:root:36496
INFO:root:36512
INFO:root:36528
INFO:root:36544
INFO:root:36560
INFO:root:36576
INFO:root:36592
INFO:root:36608
INFO:root:36624
INFO:root:36656
INFO:root:36672
INFO:root:36688
INFO:root:RSSI for lyre -59
INFO:root:++++++++++++++++++++++ 25 Sequenecec Numbers Collected
INFO:root:++++++++++++++++++++++ Analyzing +++++++++++++++++++++
INFO:root:++++++++++++++++++++++ Sequence True
INFO:root:*******************    OUI 
INFO:root:64656
INFO:root:64672
INFO:root:64688
INFO:root:64704
INFO:root:64736
INFO:root:64752
INFO:root:64768
INFO:root:64784
INFO:root:64800
INFO:root:64816
INFO:root:64832
INFO:root:64864
INFO:root:64880
INFO:root:64912
INFO:root:65072
INFO:root:65088
INFO:root:65104
INFO:root:65120
INFO:root:65136
INFO:root:65152
INFO:root:65168
INFO:root:65184
INFO:root:65200
INFO:root:65232
INFO:root:65248
INFO:root:RSSI for lyre -70
INFO:root:++++++++++++++++++++++ 25 Sequenecec Numbers Collected
INFO:root:++++++++++++++++++++++ Analyzing +++++++++++++++++++++
INFO:root:++++++++++++++++++++++ Sequence True
INFO:root:******************** OUI 
INFO:root:65264
INFO:root:65280
INFO:root:65296
INFO:root:65344
INFO:root:65392
INFO:root:65408
INFO:root:65424
INFO:root:65440
INFO:root:65472
INFO:root:65488
INFO:root:65504
INFO:root:65520
INFO:root:4096
INFO:root:4112
INFO:root:4128
INFO:root:4160
INFO:root:4192
INFO:root:4224
INFO:root:4240
INFO:root:4256
INFO:root:4272
INFO:root:4288
INFO:root:4304
INFO:root:4320
INFO:root:4336
INFO:root:RSSI for lyre -60
INFO:root:++++++++++++++++++++++ 25 Sequenecec Numbers Collected
INFO:root:++++++++++++++++++++++ Analyzing +++++++++++++++++++++
INFO:root:++++++++++++++++++++++ Sequence False
INFO:root:<<<<<<<<<<<<<<<<<<<<<<<<<<<<<<<< Sequenece Numbers Irregular >>>>>>>>>>>>>>>>>>>>>>>>>>>>>>>> 
INFO:root:******************** OUI 
INFO:root:4368
INFO:root:4384
INFO:root:4416
INFO:root:4432
INFO:root:4448
INFO:root:4464
INFO:root:4480
INFO:root:4496
INFO:root:4512
INFO:root:4528
INFO:root:4560
INFO:root:4576
INFO:root:4608
INFO:root:4656
INFO:root:4672
INFO:root:4688
INFO:root:4736
INFO:root:4752
INFO:root:4768
INFO:root:4784
INFO:root:4800
INFO:root:4848
INFO:root:4864
INFO:root:4880
INFO:root:4896
INFO:root:RSSI for lyre -60
INFO:root:++++++++++++++++++++++ 25 Sequenecec Numbers Collected
INFO:root:++++++++++++++++++++++ Analyzing +++++++++++++++++++++
INFO:root:++++++++++++++++++++++ Sequence True
INFO:root:******************** OUI 
INFO:root:4928
INFO:root:4944
INFO:root:4992
INFO:root:5008
INFO:root:5024
INFO:root:5040
INFO:root:5088
INFO:root:5104
INFO:root:5120
INFO:root:5136
INFO:root:5152
INFO:root:5168
INFO:root:5184
INFO:root:5200
INFO:root:5216
INFO:root:5232
INFO:root:5248
INFO:root:5264
INFO:root:5280
INFO:root:5296
INFO:root:5312
INFO:root:5328
INFO:root:5344
INFO:root:*******************    OUI 
INFO:root:27280
INFO:root:27296
INFO:root:27312
INFO:root:27328
INFO:root:27344
INFO:root:27360
INFO:root:27376
INFO:root:27392
INFO:root:27408
INFO:root:27424
INFO:root:27440
INFO:root:27456
INFO:root:27472
INFO:root:27488
INFO:root:27504
INFO:root:27520
INFO:root:27536
INFO:root:27552
INFO:root:27568
INFO:root:27584
INFO:root:27600
INFO:root:27616
INFO:root:27632
INFO:root:27648
INFO:root:27664
INFO:root:RSSI for Zoom -61
INFO:root:++++++++++++++++++++++ 25 Sequenecec Numbers Collected
INFO:root:++++++++++++++++++++++ Analyzing +++++++++++++++++++++
INFO:root:++++++++++++++++++++++ Sequence True
INFO:root:******************** OUI 
INFO:root:27680
INFO:root:27696
INFO:root:27712
INFO:root:27728
INFO:root:27744
INFO:root:27760
INFO:root:27776
INFO:root:27792
INFO:root:27808
INFO:root:27824
INFO:root:27840
INFO:root:27856
INFO:root:27872
INFO:root:27888
INFO:root:27904
INFO:root:27920
INFO:root:27936
INFO:root:27952
INFO:root:27968
INFO:root:27984
INFO:root:28000
INFO:root:28016
INFO:root:28032
INFO:root:28048
INFO:root:28064
INFO:root:RSSI for Zoom -60
INFO:root:++++++++++++++++++++++ 25 Sequenecec Numbers Collected
INFO:root:++++++++++++++++++++++ Analyzing +++++++++++++++++++++
INFO:root:++++++++++++++++++++++ Sequence True
INFO:root:******************** OUI 
INFO:root:28080
INFO:root:28096
INFO:root:28112
INFO:root:28128
INFO:root:28144
INFO:root:28160
INFO:root:28176
INFO:root:28192
INFO:root:28208
INFO:root:28224
INFO:root:28240
INFO:root:28256
INFO:root:28272
INFO:root:28288
INFO:root:28304
INFO:root:28320
INFO:root:28336
INFO:root:28352
INFO:root:28368
INFO:root:28384
INFO:root:28400
INFO:root:28416
INFO:root:28432
INFO:root:28448
INFO:root:28464
INFO:root:RSSI for Zoom -60
INFO:root:++++++++++++++++++++++ 25 Sequenecec Numbers Collected
INFO:root:++++++++++++++++++++++ Analyzing +++++++++++++++++++++
INFO:root:++++++++++++++++++++++ Sequence True
INFO:root:******************** OUI 
INFO:root:28480
INFO:root:28496
INFO:root:28512
INFO:root:28528
INFO:root:28544
INFO:root:28560
INFO:root:28576
INFO:root:28592
INFO:root:28608
INFO:root:28624
INFO:root:28640
INFO:root:28656
INFO:root:28672
INFO:root:28688
INFO:root:28704
INFO:root:28720
INFO:root:28736
INFO:root:28752
INFO:root:28768
INFO:root:28784
INFO:root:28800
INFO:root:28816
INFO:root:*******************    OUI 
INFO:root:5200
INFO:root:5216
INFO:root:5232
INFO:root:5248
INFO:root:5264
INFO:root:5280
INFO:root:5296
INFO:root:5312
INFO:root:5328
INFO:root:5344
INFO:root:5360
INFO:root:5376
INFO:root:5392
INFO:root:5408
INFO:root:5424
INFO:root:5440
INFO:root:5456
INFO:root:5472
INFO:root:5488
INFO:root:5504
INFO:root:5520
INFO:root:5536
INFO:root:5552
INFO:root:5568
INFO:root:5584
INFO:root:RSSI for dd-wrt -33
INFO:root:++++++++++++++++++++++ 25 Sequenecec Numbers Collected
INFO:root:++++++++++++++++++++++ Analyzing +++++++++++++++++++++
INFO:root:++++++++++++++++++++++ Sequence True
INFO:root:******************** OUI 
INFO:root:5600
INFO:root:5616
INFO:root:5632
INFO:root:5648
INFO:root:5664
INFO:root:5680
INFO:root:5696
INFO:root:5728
INFO:root:5744
INFO:root:5760
INFO:root:5776
INFO:root:5792
INFO:root:5808
INFO:root:5824
INFO:root:5840
INFO:root:5856
INFO:root:5872
INFO:root:5888
INFO:root:BSSID Adresss has been chnaged
INFO:root:dd-wrt
INFO:root:02:13:10:65:94:33
INFO:root:00:13:10:65:94:33
INFO:root:00:13:10:65:94:33
INFO:root:5904
INFO:root:5920
INFO:root:5936
INFO:root:5952
INFO:root:5968
INFO:root:5984
INFO:root:6000
INFO:root:RSSI for dd-wrt -33
INFO:root:++++++++++++++++++++++ 25 Sequenecec Numbers Collected
INFO:root:++++++++++++++++++++++ Analyzing +++++++++++++++++++++
INFO:root:++++++++++++++++++++++ Sequence True
INFO:root:$$$$$$$$$$$$$$$     Timestamp Sequence Change
INFO:root:******************** OUI 
INFO:root:5905
INFO:root:6032
INFO:root:6048
INFO:root:6080
INFO:root:6096
INFO:root:6112
INFO:root:6128
INFO:root:6144
INFO:root:6160
INFO:root:6176
INFO:root:6192
INFO:root:6208
INFO:root:6224
INFO:root:BSSID Adresss has been chnaged
INFO:root:dd-wrt
INFO:root:00:03:19:65:94:33
INFO:root:00:13:10:65:94:33
INFO:root:00:13:10:65:94:33
INFO:root:6240
INFO:root:6256
INFO:root:6272
INFO:root:6288
INFO:root:6304
INFO:root:6320
INFO:root:6336
INFO:root:6352
INFO:root:6368
INFO:root:6384
INFO:root:6400
INFO:root:6416
INFO:root:RSSI for dd-wrt -34
INFO:root:++++++++++++++++++++++ 25 Sequenecec Numbers Collected
INFO:root:++++++++++++++++++++++ Analyzing +++++++++++++++++++++
INFO:root:++++++++++++++++++++++ Sequence True
INFO:root:$$$$$$$$$$$$$$$     Timestamp Sequence Change
INFO:root:******************** OUI 
INFO:root:BSSID Adresss has been chnaged
INFO:root:dd-wrt
INFO:root:00:13:10:65:94:11
INFO:root:00:13:10:65:94:33
INFO:root:00:13:10:65:94:33
INFO:root:6432
INFO:root:6448
INFO:root:6464
INFO:root:6496
INFO:root:6512
INFO:root:6528
INFO:root:6544
INFO:root:6560
INFO:root:6576
INFO:root:6592
INFO:root:6608
INFO:root:6624
INFO:root:6640
INFO:root:6656
INFO:root:6672
INFO:root:6688
INFO:root:6704
INFO:root:6720
INFO:root:6736
INFO:root:6752
INFO:root:*******************    OUI 
INFO:root:22336
INFO:root:22352
INFO:root:22368
INFO:root:22528
INFO:root:22544
INFO:root:22560
INFO:root:22576
INFO:root:22592
INFO:root:22624
INFO:root:22640
INFO:root:22672
INFO:root:22688
INFO:root:22704
INFO:root:22720
INFO:root:22752
INFO:root:22784
INFO:root:22800
INFO:root:22816
INFO:root:22832
INFO:root:22848
INFO:root:22864
INFO:root:22880
INFO:root:22896
INFO:root:22912
INFO:root:22976
INFO:root:RSSI for lyre -59
INFO:root:++++++++++++++++++++++ 25 Sequenecec Numbers Collected
INFO:root:++++++++++++++++++++++ Analyzing +++++++++++++++++++++
INFO:root:++++++++++++++++++++++ Sequence True
INFO:root:******************** OUI 
INFO:root:22992
INFO:root:23008
INFO:root:23040
INFO:root:23072
INFO:root:23104
INFO:root:23120
INFO:root:23200
INFO:root:23216
INFO:root:23232
INFO:root:23248
INFO:root:23264
INFO:root:23280
INFO:root:23296
INFO:root:23312
INFO:root:23328
INFO:root:23344
INFO:root:*******************    OUI 
INFO:root:50160
INFO:root:50224
INFO:root:50240
INFO:root:50256
INFO:root:50272
INFO:root:50288
INFO:root:50320
INFO:root:50336
INFO:root:50352
INFO:root:50368
INFO:root:50384
INFO:root:50432
INFO:root:50448
INFO:root:50464
INFO:root:50480
INFO:root:50496
INFO:root:50512
INFO:root:50528
INFO:root:50544
INFO:root:50560
INFO:root:50592
INFO:root:50608
INFO:root:50624
INFO:root:50640
INFO:root:50656
INFO:root:RSSI for lyre -60
INFO:root:++++++++++++++++++++++ 25 Sequenecec Numbers Collected
INFO:root:++++++++++++++++++++++ Analyzing +++++++++++++++++++++
INFO:root:++++++++++++++++++++++ Sequence True
INFO:root:******************** OUI 
INFO:root:50672
INFO:root:50688
INFO:root:50720
INFO:root:50736
INFO:root:50752
INFO:root:50768
INFO:root:50800
INFO:root:50816
INFO:root:50832
INFO:root:50864
INFO:root:50880
INFO:root:50944
INFO:root:50960
INFO:root:50976
INFO:root:50992
INFO:root:51040
INFO:root:51056
INFO:root:51088
INFO:root:51104
INFO:root:51120
INFO:root:51136
INFO:root:51152
INFO:root:51168
INFO:root:51184
INFO:root:51200
INFO:root:RSSI for lyre -60
INFO:root:++++++++++++++++++++++ 25 Sequenecec Numbers Collected
INFO:root:++++++++++++++++++++++ Analyzing +++++++++++++++++++++
INFO:root:++++++++++++++++++++++ Sequence True
INFO:root:******************** OUI 
INFO:root:51248
INFO:root:51264
INFO:root:51280
INFO:root:51296
INFO:root:51312
INFO:root:51328
INFO:root:51344
INFO:root:51360
INFO:root:51376
INFO:root:51392
INFO:root:51424
INFO:root:51440
INFO:root:51456
INFO:root:51472
INFO:root:51488
INFO:root:*******************    OUI 
INFO:root:32272
INFO:root:32288
INFO:root:32336
INFO:root:32368
INFO:root:32384
INFO:root:32400
INFO:root:32416
INFO:root:32432
INFO:root:32448
INFO:root:32464
INFO:root:32480
INFO:root:32512
INFO:root:32528
INFO:root:32544
INFO:root:32560
INFO:root:32576
INFO:root:32592
INFO:root:32608
INFO:root:32624
INFO:root:32640
INFO:root:32656
INFO:root:32688
INFO:root:32704
INFO:root:32720
INFO:root:32752
INFO:root:RSSI for lyre -60
INFO:root:++++++++++++++++++++++ 25 Sequenecec Numbers Collected
INFO:root:++++++++++++++++++++++ Analyzing +++++++++++++++++++++
INFO:root:++++++++++++++++++++++ Sequence True
INFO:root:******************** OUI 
INFO:root:32768
INFO:root:32784
INFO:root:32800
INFO:root:32816
INFO:root:32832
INFO:root:32848
INFO:root:32864
INFO:root:32896
INFO:root:32912
INFO:root:32928
INFO:root:32944
INFO:root:32992
INFO:root:33008
INFO:root:33024
INFO:root:33040
INFO:root:33072
INFO:root:33104
INFO:root:33120
INFO:root:33136
INFO:root:33152
INFO:root:33168
INFO:root:33184
INFO:root:33200
INFO:root:33216
INFO:root:33232
INFO:root:RSSI for lyre -60
INFO:root:++++++++++++++++++++++ 25 Sequenecec Numbers Collected
INFO:root:++++++++++++++++++++++ Analyzing +++++++++++++++++++++
INFO:root:++++++++++++++++++++++ Sequence True
INFO:root:******************** OUI 
INFO:root:33248
INFO:root:33280
INFO:root:33296
INFO:root:33328
INFO:root:33344
INFO:root:33360
INFO:root:33376
INFO:root:33392
INFO:root:33408
INFO:root:33424
INFO:root:33440
INFO:root:33472
INFO:root:33488
INFO:root:33504
INFO:root:33520
INFO:root:33536
INFO:root:33568
INFO:root:33600
INFO:root:33616
INFO:root:33632
INFO:root:33680
INFO:root:33840
INFO:root:33888
INFO:root:33904
INFO:root:33920
INFO:root:RSSI for lyre -71
INFO:root:++++++++++++++++++++++ 25 Sequenecec Numbers Collected
INFO:root:++++++++++++++++++++++ Analyzing +++++++++++++++++++++
INFO:root:++++++++++++++++++++++ Sequence True
INFO:root:******************** OUI 
INFO:root:33952
INFO:root:33968
INFO:root:33984
INFO:root:34000
INFO:root:34016
INFO:root:34048
INFO:root:34064
INFO:root:34080
INFO:root:34128
INFO:root:34144
INFO:root:34192
INFO:root:34208
INFO:root:34224
INFO:root:34240
INFO:root:34256
INFO:root:34288
INFO:root:34304
INFO:root:34320
INFO:root:34336
INFO:root:34352
INFO:root:34368
INFO:root:34384
INFO:root:34400
INFO:root:Appears to be offline on this Channel
INFO:root:Appears to be offline on this Channel
INFO:root:Appears to be offline on this Channel
INFO:root:Appears to be offline on this Channel
INFO:root:Appears to be offline on this Channel
INFO:root:Appears to be offline on this Channel
INFO:root:Appears to be offline on this Channel
INFO:root:Appears to be offline on this Channel
INFO:root:Appears to be offline on this Channel
INFO:root:Appears to be offline on this Channel
INFO:root:Appears to be offline on this Channel
INFO:root:Appears to be offline on this Channel
