
2015-08-18 19:52:49.813308 |Severity 10 |MESSAGE KARMA Access Point Detection |BSSID ['00:11:22:33:44:00\n', '00:11:22:33:44:00\n', '00:11:22:33:44:00\n'] |Times 3 |Single AP True
2015-08-18 19:56:19.969275 |Severity 10 |MESSAGE KARMA Access Point Detection |BSSID ['00:C0:CA:60:DC:B6\n', '00:C0:CA:60:DC:B6\n'] |Times 2 |Single AP True
2015-08-18 20:03:47.169161 |Severity 10 |MESSAGE KARMA Access Point Detection |BSSID ['00:C0:CA:60:DC:B6\n', '00:C0:CA:60:DC:B6\n', '00:C0:CA:60:DC:B6\n'] |Times 3 |Single AP True
2015-08-18 20:15:24.109087 |Severity 10 |MESSAGE KARMA Access Point Detection |BSSID ['00:C0:CA:60:DC:B6\n', '00:C0:CA:60:DC:B6\n', '00:C0:CA:60:DC:B6\n'] |Times 3 |Single AP True
2015-08-18 20:21:15.996084 |Severity 10 |MESSAGE KARMA Access Point Detection |BSSID ['00:C0:CA:60:DC:B6\n', '00:C0:CA:60:DC:B6\n', '00:C0:CA:60:DC:B6\n'] |Times 3 |Single AP True
2015-08-18 20:25:19.595957 |Severity 10 |MESSAGE KARMA Access Point Detection |BSSID ['00:C0:CA:60:DC:B6\n', '00:C0:CA:60:DC:B6\n', '00:C0:CA:60:DC:B6\n'] |Times 3 |Single AP True
2015-08-18 20:27:45.951067 |Severity 10 |MESSAGE KARMA Access Point Detection |BSSID ['00:C0:CA:60:DC:B6\n', '00:C0:CA:60:DC:B6\n', '00:C0:CA:60:DC:B6\n'] |Times 3 |Single AP True
2015-08-18 20:31:42.836304 |Severity 10 |MESSAGE KARMA Access Point Detection |BSSID ['00:C0:CA:60:DC:B6\n', '00:C0:CA:60:DC:B6\n', '00:C0:CA:60:DC:B6\n'] |Times 3 |Single AP True
2015-08-18 20:35:28.375455 |Severity 10 |MESSAGE KARMA Access Point Detection |BSSID ['00:C0:CA:60:DC:B6\n', '00:C0:CA:60:DC:B6\n', '00:C0:CA:60:DC:B6\n'] |Times 3 |Single AP True
2015-08-18 23:16:56.776891 |Severity 10 |MESSAGE KARMA Access Point Detection |BSSID ['00:C0:CA:60:DC:B6\n', '00:C0:CA:60:DC:B6\n', '00:C0:CA:60:DC:B6\n'] |Times 3 |Single AP True
2015-08-18 23:37:56.153922 |Severity 10 |MESSAGE KARMA Access Point Detection |BSSID ['00:C0:CA:60:DC:B6\n', '00:C0:CA:60:DC:B6\n', '00:C0:CA:60:DC:B6\n'] |Times 3 |Single AP True
2015-08-18 23:41:06.586709 |Severity 10 |MESSAGE KARMA Access Point Detection |BSSID ['00:C0:CA:60:DC:B6\n', '00:C0:CA:60:DC:B6\n', '00:C0:CA:60:DC:B6\n'] |Times 3 |Single AP True
2015-08-18 23:44:32.711861 |Severity 10 |MESSAGE KARMA Access Point Detection |BSSID ['00:C0:CA:60:DC:B6\n', '00:C0:CA:60:DC:B6\n', '00:C0:CA:60:DC:B6\n'] |Times 3 |Single AP True
2015-08-18 23:46:55.617388 |Severity 10 |MESSAGE KARMA Access Point Detection |BSSID ['00:C0:CA:60:DC:B6\n', '00:C0:CA:60:DC:B6\n', '00:C0:CA:60:DC:B6\n'] |Times 3 |Single AP True
2015-08-18 23:49:52.063810 |Severity 10 |MESSAGE KARMA Access Point Detection |BSSID ['00:C0:CA:60:DC:B6\n', '00:C0:CA:60:DC:B6\n', '00:C0:CA:60:DC:B6\n'] |Times 3 |Single AP True
2015-08-18 23:56:58.642362 |Severity 10 |MESSAGE KARMA Access Point Detection |BSSID ['00:C0:CA:60:DC:B6\n', '00:C0:CA:60:DC:B6\n', '00:C0:CA:60:DC:B6\n'] |Times 3 |Single AP True
2015-08-19 00:04:24.662762 |Severity 10 |MESSAGE KARMA Access Point Detection |BSSID ['00:C0:CA:60:DC:B6\n', '00:C0:CA:60:DC:B6\n', '00:C0:CA:60:DC:B6\n'] |Times 3 |Single AP True
2015-08-19 00:11:18.678548 |Severity 10 |MESSAGE KARMA Access Point Detection |BSSID ['00:C0:CA:60:DC:B6\n', '00:C0:CA:60:DC:B6\n', '00:C0:CA:60:DC:B6\n'] |Times 3 |Single AP True
2015-08-19 00:22:47.706871 |Severity 10 |MESSAGE KARMA Access Point Detection |BSSID ['00:C0:CA:60:DC:B6\n', '00:C0:CA:60:DC:B6\n', '00:C0:CA:60:DC:B6\n'] |Times 3 |Single AP True
2015-08-19 00:43:18.961053 |Severity 10 |MESSAGE KARMA Access Point Detection |BSSID ['00:C0:CA:60:DC:B6\n', '00:C0:CA:60:DC:B6\n', '00:C0:CA:60:DC:B6\n'] |Times 3 |Single AP True
2015-08-19 00:49:02.905041 |Severity 10 |MESSAGE KARMA Access Point Detection |BSSID ['00:C0:CA:60:DC:B6\n', '00:C0:CA:60:DC:B6\n', '00:C0:CA:60:DC:B6\n'] |Times 3 |Single AP True
2015-08-19 01:05:14.464085 |Severity 3 |MESSAGE Possible Airbase-NG Access Point Detection |SSID lyre |Channel 1
2015-08-19 01:22:02.665187 |Severity 10 |MESSAGE KARMA Access Point Detection |BSSID ['00:C0:CA:60:DC:B6\n', '00:C0:CA:60:DC:B6\n', '00:C0:CA:60:DC:B6\n'] |Times 3 |Single AP True
2015-08-19 01:34:30.495481 |Severity 10 |MESSAGE KARMA Access Point Detection |BSSID ['00:C0:CA:60:DC:B6\n', '00:C0:CA:60:DC:B6\n', '00:C0:CA:60:DC:B6\n'] |Times 3 |Single AP True
2015-08-19 01:50:17.977097 |Severity 3 |MESSAGE Possible Airbase-NG Access Point Detection |SSID dd-wrt |Channel 6
2015-08-19 01:51:03.054355 |Severity 3 |MESSAGE Possible Airbase-NG Access Point Detection |SSID dd-wrt |Channel 6
2015-08-19 01:52:22.547104 |Severity 3 |MESSAGE Possible Airbase-NG Access Point Detection |SSID dd-wrt |Channel 6
2015-08-19 02:02:53.318484 |Severity 3 |MESSAGE Possible Airbase-NG Access Point Detection |SSID dd-wrt |Channel 6
2015-08-19 02:11:50.112642 |Severity 10 |MESSAGE KARMA Access Point Detection |BSSID ['00:11:22:33:44:00\n', '00:11:22:33:44:00\n', '00:11:22:33:44:00\n'] |Times 3 |Single AP True
2015-08-19 02:25:54.140009 |Severity 10 |MESSAGE BSSID Adresss has been chnaged from c0:4a:00:e4:b6:70 |SSID lyre |BSSID 83:95:00:c8:6d:e1 |Channel 2
2015-08-19 02:26:10.115849 |Severity 10 |MESSAGE Sequence Numbers Irregular  |SSID lyre |BSSID c0:4a:00:e4:b6:70 |Channel 1
2015-08-19 02:31:02.905112 |Severity 7 |MESSAGE Invalid OUI Code  |SSID Zoom |BSSID 10:59:18:66:bb:03 |Channel 2
2015-08-21 04:03:27.399734 |Severity 3 |MESSAGE Possible Airbase-NG Access Point Detection |SSID Zoom |Channel 10
2015-08-21 04:04:01.139712 |Severity 3 |MESSAGE Possible Airbase-NG Access Point Detection |SSID Zoom |Channel 10
2015-08-21 04:04:48.358982 |Severity 10 |MESSAGE Sequence Numbers Irregular  |SSID Zoom |BSSID 00:50:18:66:8b:7e |Channel 10
2015-08-21 04:04:48.359887 |Severity 9 |MESSAGE  Possible Evil Twin Timestamp Sequence Change 00:50:18:66:8b:7e |SSID Zoom |BSSID 00:50:18:66:8b:7e |Channel 10
2015-08-21 04:04:49.587542 |Severity 10 |MESSAGE Sequence Numbers Irregular  |SSID Zoom |BSSID 00:50:18:66:8b:7e |Channel 10
2015-08-21 04:04:49.588446 |Severity 9 |MESSAGE  Possible Evil Twin Timestamp Sequence Change 00:50:18:66:8b:7e |SSID Zoom |BSSID 00:50:18:66:8b:7e |Channel 10
2015-08-21 04:04:50.864705 |Severity 10 |MESSAGE Sequence Numbers Irregular  |SSID Zoom |BSSID 00:50:18:66:8b:7e |Channel 10
2015-08-21 04:04:50.865648 |Severity 9 |MESSAGE  Possible Evil Twin Timestamp Sequence Change 00:50:18:66:8b:7e |SSID Zoom |BSSID 00:50:18:66:8b:7e |Channel 10
2015-08-21 04:04:52.148003 |Severity 10 |MESSAGE Sequence Numbers Irregular  |SSID Zoom |BSSID 00:50:18:66:8b:7e |Channel 10
2015-08-21 04:04:52.149397 |Severity 9 |MESSAGE  Possible Evil Twin Timestamp Sequence Change 00:50:18:66:8b:7e |SSID Zoom |BSSID 00:50:18:66:8b:7e |Channel 10
2015-08-21 04:05:36.999431 |Severity 10 |MESSAGE Sequence Numbers Irregular  |SSID Zoom |BSSID 00:50:18:66:8b:7e |Channel 10
2015-08-21 04:05:37.000327 |Severity 9 |MESSAGE  Possible Evil Twin Timestamp Sequence Change 00:50:18:66:8b:7e |SSID Zoom |BSSID 00:50:18:66:8b:7e |Channel 10
2015-08-21 04:05:38.228369 |Severity 10 |MESSAGE Sequence Numbers Irregular  |SSID Zoom |BSSID 00:50:18:66:8b:7e |Channel 10
2015-08-21 04:05:38.229327 |Severity 9 |MESSAGE  Possible Evil Twin Timestamp Sequence Change 00:50:18:66:8b:7e |SSID Zoom |BSSID 00:50:18:66:8b:7e |Channel 10
2015-08-21 04:05:39.514361 |Severity 10 |MESSAGE Sequence Numbers Irregular  |SSID Zoom |BSSID 00:50:18:66:8b:7e |Channel 10
2015-08-21 04:05:39.515458 |Severity 9 |MESSAGE  Possible Evil Twin Timestamp Sequence Change 00:50:18:66:8b:7e |SSID Zoom |BSSID 00:50:18:66:8b:7e |Channel 10
2015-08-21 04:05:40.789013 |Severity 10 |MESSAGE Sequence Numbers Irregular  |SSID Zoom |BSSID 00:50:18:66:8b:7e |Channel 10
2015-08-21 04:05:40.790028 |Severity 9 |MESSAGE  Possible Evil Twin Timestamp Sequence Change 00:50:18:66:8b:7e |SSID Zoom |BSSID 00:50:18:66:8b:7e |Channel 10
2015-08-21 04:49:14.603678 |Severity 3 |MESSAGE Possible Airbase-NG Access Point Detection |SSID dd-wrt |Channel 6
2015-08-21 04:53:38.573641 |Severity 3 |MESSAGE Possible Airbase-NG Access Point Detection |SSID Evil |Channel 10
2015-08-21 04:55:01.451695 |Severity 3 |MESSAGE Possible Airbase-NG Access Point Detection |SSID Evil |Channel 10
2015-08-21 04:55:59.222966 |Severity 3 |MESSAGE Possible Airbase-NG Access Point Detection |SSID Evil |Channel 10
2015-08-21 04:56:58.998799 |Severity 3 |MESSAGE Possible Airbase-NG Access Point Detection |SSID Evil |Channel 10
2015-08-21 04:58:59.681504 |Severity 3 |MESSAGE Possible Airbase-NG Access Point Detection |SSID Evil |Channel 10
2015-08-21 04:59:52.206812 |Severity 3 |MESSAGE Possible Airbase-NG Access Point Detection |SSID Evil |Channel 10
2015-08-21 05:00:37.219703 |Severity 3 |MESSAGE Possible Airbase-NG Access Point Detection |SSID Evil |Channel 10
2015-08-21 05:01:36.043346 |Severity 3 |MESSAGE Possible Airbase-NG Access Point Detection |SSID Evil |Channel 10
